<?xml version="1.0" encoding="UTF-8"?>
<testsuite name="com.exodus.learning.LearningApplicationTests" tests="1" skipped="0" failures="0" errors="0" timestamp="2022-07-30T03:37:35" hostname="JMXOMEN" time="0.502">
  <properties/>
  <testcase name="contextLoads()" classname="com.exodus.learning.LearningApplicationTests" time="0.502"/>
  <system-out><![CDATA[09:07:32.277 [Test worker] DEBUG org.springframework.test.context.BootstrapUtils - Instantiating CacheAwareContextLoaderDelegate from class [org.springframework.test.context.cache.DefaultCacheAwareContextLoaderDelegate]
09:07:32.289 [Test worker] DEBUG org.springframework.test.context.BootstrapUtils - Instantiating BootstrapContext using constructor [public org.springframework.test.context.support.DefaultBootstrapContext(java.lang.Class,org.springframework.test.context.CacheAwareContextLoaderDelegate)]
09:07:32.327 [Test worker] DEBUG org.springframework.test.context.BootstrapUtils - Instantiating TestContextBootstrapper for test class [com.exodus.learning.LearningApplicationTests] from class [org.springframework.boot.test.context.SpringBootTestContextBootstrapper]
09:07:32.338 [Test worker] INFO org.springframework.boot.test.context.SpringBootTestContextBootstrapper - Neither @ContextConfiguration nor @ContextHierarchy found for test class [com.exodus.learning.LearningApplicationTests], using SpringBootContextLoader
09:07:32.343 [Test worker] DEBUG org.springframework.test.context.support.AbstractContextLoader - Did not detect default resource location for test class [com.exodus.learning.LearningApplicationTests]: class path resource [com/exodus/learning/LearningApplicationTests-context.xml] does not exist
09:07:32.343 [Test worker] DEBUG org.springframework.test.context.support.AbstractContextLoader - Did not detect default resource location for test class [com.exodus.learning.LearningApplicationTests]: class path resource [com/exodus/learning/LearningApplicationTestsContext.groovy] does not exist
09:07:32.344 [Test worker] INFO org.springframework.test.context.support.AbstractContextLoader - Could not detect default resource locations for test class [com.exodus.learning.LearningApplicationTests]: no resource found for suffixes {-context.xml, Context.groovy}.
09:07:32.346 [Test worker] INFO org.springframework.test.context.support.AnnotationConfigContextLoaderUtils - Could not detect default configuration classes for test class [com.exodus.learning.LearningApplicationTests]: LearningApplicationTests does not declare any static, non-private, non-final, nested classes annotated with @Configuration.
09:07:32.388 [Test worker] DEBUG org.springframework.test.context.support.ActiveProfilesUtils - Could not find an 'annotation declaring class' for annotation type [org.springframework.test.context.ActiveProfiles] and class [com.exodus.learning.LearningApplicationTests]
09:07:32.462 [Test worker] DEBUG org.springframework.context.annotation.ClassPathScanningCandidateComponentProvider - Identified candidate component class: file [E:\PROJX\learning\learning\build\classes\java\main\com\exodus\learning\LearningApplication.class]
09:07:32.464 [Test worker] INFO org.springframework.boot.test.context.SpringBootTestContextBootstrapper - Found @SpringBootConfiguration com.exodus.learning.LearningApplication for test class com.exodus.learning.LearningApplicationTests
09:07:32.563 [Test worker] DEBUG org.springframework.boot.test.context.SpringBootTestContextBootstrapper - @TestExecutionListeners is not present for class [com.exodus.learning.LearningApplicationTests]: using defaults.
09:07:32.564 [Test worker] INFO org.springframework.boot.test.context.SpringBootTestContextBootstrapper - Loaded default TestExecutionListener class names from location [META-INF/spring.factories]: [org.springframework.boot.test.autoconfigure.restdocs.RestDocsTestExecutionListener, org.springframework.boot.test.autoconfigure.web.client.MockRestServiceServerResetTestExecutionListener, org.springframework.boot.test.autoconfigure.web.servlet.MockMvcPrintOnlyOnFailureTestExecutionListener, org.springframework.boot.test.autoconfigure.web.servlet.WebDriverTestExecutionListener, org.springframework.boot.test.autoconfigure.webservices.client.MockWebServiceServerTestExecutionListener, org.springframework.boot.test.mock.mockito.MockitoTestExecutionListener, org.springframework.boot.test.mock.mockito.ResetMocksTestExecutionListener, org.springframework.test.context.web.ServletTestExecutionListener, org.springframework.test.context.support.DirtiesContextBeforeModesTestExecutionListener, org.springframework.test.context.event.ApplicationEventsTestExecutionListener, org.springframework.test.context.support.DependencyInjectionTestExecutionListener, org.springframework.test.context.support.DirtiesContextTestExecutionListener, org.springframework.test.context.transaction.TransactionalTestExecutionListener, org.springframework.test.context.jdbc.SqlScriptsTestExecutionListener, org.springframework.test.context.event.EventPublishingTestExecutionListener]
09:07:32.583 [Test worker] INFO org.springframework.boot.test.context.SpringBootTestContextBootstrapper - Using TestExecutionListeners: [org.springframework.test.context.web.ServletTestExecutionListener@292d1c71, org.springframework.test.context.support.DirtiesContextBeforeModesTestExecutionListener@2b491fee, org.springframework.test.context.event.ApplicationEventsTestExecutionListener@3f1c5af9, org.springframework.boot.test.mock.mockito.MockitoTestExecutionListener@1c55f277, org.springframework.boot.test.autoconfigure.SpringBootDependencyInjectionTestExecutionListener@5ddabb18, org.springframework.test.context.support.DirtiesContextTestExecutionListener@3e8f7922, org.springframework.test.context.transaction.TransactionalTestExecutionListener@63192798, org.springframework.test.context.jdbc.SqlScriptsTestExecutionListener@50eca7c6, org.springframework.test.context.event.EventPublishingTestExecutionListener@58e6d4b8, org.springframework.boot.test.autoconfigure.restdocs.RestDocsTestExecutionListener@1de5f0ef, org.springframework.boot.test.autoconfigure.web.client.MockRestServiceServerResetTestExecutionListener@376a312c, org.springframework.boot.test.autoconfigure.web.servlet.MockMvcPrintOnlyOnFailureTestExecutionListener@28d6290, org.springframework.boot.test.autoconfigure.web.servlet.WebDriverTestExecutionListener@6ca0256d, org.springframework.boot.test.autoconfigure.webservices.client.MockWebServiceServerTestExecutionListener@5ef0d29e, org.springframework.boot.test.mock.mockito.ResetMocksTestExecutionListener@38f57b3d]
09:07:32.588 [Test worker] DEBUG org.springframework.test.context.support.AbstractDirtiesContextTestExecutionListener - Before test class: context [DefaultTestContext@6a66a204 testClass = LearningApplicationTests, testInstance = [null], testMethod = [null], testException = [null], mergedContextConfiguration = [WebMergedContextConfiguration@5860f3d7 testClass = LearningApplicationTests, locations = '{}', classes = '{class com.exodus.learning.LearningApplication}', contextInitializerClasses = '[]', activeProfiles = '{}', propertySourceLocations = '{}', propertySourceProperties = '{org.springframework.boot.test.context.SpringBootTestContextBootstrapper=true}', contextCustomizers = set[org.springframework.boot.test.autoconfigure.actuate.metrics.MetricsExportContextCustomizerFactory$DisableMetricExportContextCustomizer@5a755cc1, org.springframework.boot.test.autoconfigure.properties.PropertyMappingContextCustomizer@0, org.springframework.boot.test.autoconfigure.web.servlet.WebDriverContextCustomizerFactory$Customizer@42b02722, org.springframework.boot.test.context.filter.ExcludeFilterContextCustomizer@5ce8d869, org.springframework.boot.test.json.DuplicateJsonObjectContextCustomizerFactory$DuplicateJsonObjectContextCustomizer@31c7528f, org.springframework.boot.test.mock.mockito.MockitoContextCustomizer@0, org.springframework.boot.test.web.client.TestRestTemplateContextCustomizer@2f16c6b3, org.springframework.boot.test.context.SpringBootTestArgs@1, org.springframework.boot.test.context.SpringBootTestWebEnvironment@e7edb54], resourceBasePath = 'src/main/webapp', contextLoader = 'org.springframework.boot.test.context.SpringBootContextLoader', parent = [null]], attributes = map['org.springframework.test.context.web.ServletTestExecutionListener.activateListener' -> true]], class annotated with @DirtiesContext [false] with mode [null].

  .   ____          _            __ _ _
 /\\ / ___'_ __ _ _(_)_ __  __ _ \ \ \ \
( ( )\___ | '_ | '_| | '_ \/ _` | \ \ \ \
 \\/  ___)| |_)| | | | | || (_| |  ) ) ) )
  '  |____| .__|_| |_|_| |_\__, | / / / /
 =========|_|==============|___/=/_/_/_/
 :: Spring Boot ::               (v2.5.10)

2022-07-30 09:07:33.008  INFO 2956 --- [    Test worker] c.e.learning.LearningApplicationTests    : Starting LearningApplicationTests using Java 15.0.1 on JmXOmen with PID 2956 (started by Jerry Michael in E:\PROJX\learning\learning)
2022-07-30 09:07:33.010  INFO 2956 --- [    Test worker] c.e.learning.LearningApplicationTests    : No active profile set, falling back to 1 default profile: "default"
2022-07-30 09:07:35.225  INFO 2956 --- [    Test worker] c.e.learning.LearningApplicationTests    : Started LearningApplicationTests in 2.597 seconds (JVM running for 3.795)
]]></system-out>
  <system-err><![CDATA[]]></system-err>
</testsuite>
